Loaded GOOGL
Loaded MSFT
Loaded CRWD
Loaded PATH
Loaded SMR
Loaded NXT
Loaded NEE
Loaded FCEL
Loaded EVGO
Loaded BLNK
Loaded SNOW
Loaded META
Loaded AMZN
Loaded NVDA
Loaded INTC
Loaded NOK
Loaded RIVN
Loaded CRSP
Loaded BEAM
Loaded TEM
Loaded TXG
Loaded ABSI
Loaded NTLA
Loaded PRME
Loaded TSLA
Loaded HOOD
Loaded WGS
Loaded TWST
Loaded RXRX
Loaded COIN
Loaded SHOP
Loaded BMNR
Loaded PACB
Loaded ACHR
Loaded RBLX
Loaded AMD
Loaded RKLB
Loaded PLTR
Loaded TER
Loaded KTOS
Loaded DE
Loaded TSM
Loaded CRCL
Loaded ILMN
Loaded NTRA
Loaded PSNL
Loaded SNPS
Loaded ADSK
Loaded PLUG
US stock data synced into market_data_daily. Rows prepared: 245
